\BOOKMARK [1][-]{section.1}{Dataset}{}% 1
\BOOKMARK [2][-]{subsection.1.1}{Data Format}{section.1}% 2
\BOOKMARK [2][-]{subsection.1.2}{Data Generation}{section.1}% 3
\BOOKMARK [1][-]{section.2}{Network Architecture}{}% 4
\BOOKMARK [2][-]{subsection.2.1}{Inputs}{section.2}% 5
\BOOKMARK [2][-]{subsection.2.2}{Outputs}{section.2}% 6
\BOOKMARK [1][-]{section.3}{Training}{}% 7
\BOOKMARK [2][-]{subsection.3.1}{Propagation}{section.3}% 8
\BOOKMARK [2][-]{subsection.3.2}{Testing Hyperparameters}{section.3}% 9
\BOOKMARK [1][-]{section.4}{Questions}{}% 10
\BOOKMARK [2][-]{subsection.4.1}{Update rule for Q-Function}{section.4}% 11
\BOOKMARK [2][-]{subsection.4.2}{Transitions to Absorbing Goal State}{section.4}% 12
\BOOKMARK [2][-]{subsection.4.3}{Transitions from Absorbing Goal State}{section.4}% 13
\BOOKMARK [2][-]{subsection.4.4}{Q-Function Example}{section.4}% 14
\BOOKMARK [1][-]{section.5}{Results}{}% 15
\BOOKMARK [2][-]{subsection.5.1}{Loss}{section.5}% 16
\BOOKMARK [2][-]{subsection.5.2}{Goal-Finding Accuracy}{section.5}% 17
\BOOKMARK [2][-]{subsection.5.3}{Changed Target}{section.5}% 18
\BOOKMARK [2][-]{subsection.5.4}{Changed Map}{section.5}% 19
\BOOKMARK [1][-]{section.6}{Conclusion}{}% 20
